<!DOCTYPE html PUBLIC "-//W3C//DTD XHTML 1.1//EN" "http://www.w3.org/TR/xhtml11/DTD/xhtml11.dtd">
<html xmlns="http://www.w3.org/1999/xhtml"><head><title>TestNG Report</title><style type="text/css">table {margin-bottom:10px;border-collapse:collapse;empty-cells:show}th,td {border:1px solid #009;padding:.25em .5em}th {vertical-align:bottom}td {vertical-align:top}table a {font-weight:bold}.stripe td {background-color: #E6EBF9}.num {text-align:right}.passedodd td {background-color: #3F3}.passedeven td {background-color: #0A0}.skippedodd td {background-color: #DDD}.skippedeven td {background-color: #CCC}.failedodd td,.attn {background-color: #F33}.failedeven td,.stripe .attn {background-color: #D00}.stacktrace {white-space:pre;font-family:monospace}.totop {font-size:85%;text-align:center;border-bottom:2px solid #000}</style></head><body><table><tr><th>Test</th><th># Passed</th><th># Skipped</th><th># Failed</th><th>Time (ms)</th><th>Included Groups</th><th>Excluded Groups</th></tr><tr><th colspan="7">TestSuite1</th></tr><tr><td><a href="#t0">Test in FF</a></td><td class="num">0</td><td class="num attn">3</td><td class="num">0</td><td class="num">16</td><td></td><td></td></tr><tr class="stripe"><td><a href="#t1">TestSuite2</a></td><td class="num">0</td><td class="num attn">3</td><td class="num">0</td><td class="num">0</td><td></td><td></td></tr><tr><th>Total</th><th class="num">0</th><th class="num attn">6</th><th class="num">0</th><th class="num">16</th><th colspan="2"></th></tr></table><table><thead><tr><th>Class</th><th>Method</th><th>Start</th><th>Time (ms)</th></tr></thead><tbody><tr><th colspan="4">TestSuite1</th></tr></tbody><tbody id="t0"><tr><th colspan="4">Test in FF &#8212; skipped</th></tr><tr class="skippedeven"><td rowspan="3">com.webtek.test.SanityTest</td><td><a href="#m0">productCheckOut</a></td><td rowspan="1">1433067514100</td><td rowspan="1">0</td></tr><tr class="skippedeven"><td><a href="#m1">signUser</a></td><td rowspan="1">1433067514100</td><td rowspan="1">0</td></tr><tr class="skippedeven"><td><a href="#m2">userSignUp</a></td><td rowspan="1">1433067514100</td><td rowspan="1">0</td></tr></tbody><tbody id="t1"><tr><th colspan="4">TestSuite2 &#8212; failed (configuration methods)</th></tr><tr class="failedeven"><td rowspan="1">com.webtek.test.SanityTest1</td><td><a href="#m3">SetUp</a></td><td rowspan="1">1433067495952</td><td rowspan="1">0</td></tr><tr><th colspan="4">TestSuite2 &#8212; skipped (configuration methods)</th></tr><tr class="skippedeven"><td rowspan="1">com.webtek.test.SanityTest1</td><td><a href="#m4">tearDown</a></td><td rowspan="1">1433067514225</td><td rowspan="1">0</td></tr><tr><th colspan="4">TestSuite2 &#8212; skipped</th></tr><tr class="skippedeven"><td rowspan="3">com.webtek.test.SanityTest1</td><td><a href="#m5">ContactDetailSubmission</a></td><td rowspan="1">1433067514178</td><td rowspan="1">0</td></tr><tr class="skippedeven"><td><a href="#m6">firstAddProductThenCheckOutWithSign</a></td><td rowspan="1">1433067514178</td><td rowspan="1">0</td></tr><tr class="skippedeven"><td><a href="#m7">verifyItemPresentInCartAndSummation</a></td><td rowspan="1">1433067514178</td><td rowspan="1">0</td></tr></tbody></table><h2>Test in FF</h2><h3 id="m0">com.webtek.test.SanityTest#productCheckOut</h3><table class="result"><tr><th>Exception</th></tr><tr><td><div class="stacktrace">java.lang.Throwable: Method SanityTest.productCheckOut()[pri:0, instance:com.webtek.test.SanityTest@4c203ea1] depends on not successfully finished methods
... Removed 20 stack frames</div></td></tr></table><p class="totop"><a href="#summary">back to summary</a></p><h3 id="m1">com.webtek.test.SanityTest#signUser</h3><table class="result"><tr><th>Exception</th></tr><tr><td><div class="stacktrace">java.lang.Throwable: Method SanityTest.signUser()[pri:0, instance:com.webtek.test.SanityTest@4c203ea1] depends on not successfully finished methods
... Removed 20 stack frames</div></td></tr></table><p class="totop"><a href="#summary">back to summary</a></p><h3 id="m2">com.webtek.test.SanityTest#userSignUp</h3><table class="result"></table><p class="totop"><a href="#summary">back to summary</a></p><h2>TestSuite2</h2><h3 id="m3">com.webtek.test.SanityTest1#SetUp</h3><table class="result"><tr><th>Exception</th></tr><tr><td><div class="stacktrace">org.openqa.selenium.remote.UnreachableBrowserException: Error communicating with the remote browser. It may have died.
Build info: version: &apos;2.45.0&apos;, revision: &apos;5017cb8e7ca8e37638dc3091b2440b90a1d8686f&apos;, time: &apos;2015-02-27 09:10:26&apos;
System info: host: &apos;Koushik&apos;, ip: &apos;192.168.1.7&apos;, os.name: &apos;Windows 8.1&apos;, os.arch: &apos;amd64&apos;, os.version: &apos;6.3&apos;, java.version: &apos;1.8.0_45&apos;
Driver info: driver.version: RemoteWebDriver
	at org.openqa.selenium.remote.RemoteWebDriver.execute(RemoteWebDriver.java:593)
	at org.openqa.selenium.remote.RemoteWebDriver.get(RemoteWebDriver.java:304)
	at com.webtek.test.SelTestCase.SetUp(SelTestCase.java:35)
Caused by: org.apache.http.conn.HttpHostConnectException: Connect to 127.0.0.1:7055 [/127.0.0.1] failed: Connection refused: connect
	at org.apache.http.impl.conn.HttpClientConnectionOperator.connect(HttpClientConnectionOperator.java:142)
	at org.apache.http.impl.conn.PoolingHttpClientConnectionManager.connect(PoolingHttpClientConnectionManager.java:319)
	at org.apache.http.impl.execchain.MainClientExec.establishRoute(MainClientExec.java:363)
	at org.apache.http.impl.execchain.MainClientExec.execute(MainClientExec.java:219)
	at org.apache.http.impl.execchain.ProtocolExec.execute(ProtocolExec.java:195)
	at org.apache.http.impl.execchain.RetryExec.execute(RetryExec.java:86)
	at org.apache.http.impl.execchain.RedirectExec.execute(RedirectExec.java:108)
	at org.apache.http.impl.client.InternalHttpClient.doExecute(InternalHttpClient.java:184)
	at org.apache.http.impl.client.CloseableHttpClient.execute(CloseableHttpClient.java:72)
	at org.apache.http.impl.client.CloseableHttpClient.execute(CloseableHttpClient.java:57)
	at org.openqa.selenium.remote.internal.ApacheHttpClient.fallBackExecute(ApacheHttpClient.java:144)
	at org.openqa.selenium.remote.internal.ApacheHttpClient.execute(ApacheHttpClient.java:72)
	at org.openqa.selenium.remote.HttpCommandExecutor.execute(HttpCommandExecutor.java:133)
	at org.openqa.selenium.firefox.internal.NewProfileExtensionConnection.execute(NewProfileExtensionConnection.java:165)
	at org.openqa.selenium.firefox.FirefoxDriver$LazyCommandExecutor.execute(FirefoxDriver.java:362)
	at org.openqa.selenium.remote.RemoteWebDriver.execute(RemoteWebDriver.java:572)
	... 23 more
Caused by: java.net.ConnectException: Connection refused: connect
	at java.net.DualStackPlainSocketImpl.waitForConnect(Native Method)
	at java.net.DualStackPlainSocketImpl.socketConnect(Unknown Source)
	at java.net.AbstractPlainSocketImpl.doConnect(Unknown Source)
	at java.net.AbstractPlainSocketImpl.connectToAddress(Unknown Source)
	at java.net.AbstractPlainSocketImpl.connect(Unknown Source)
	at java.net.PlainSocketImpl.connect(Unknown Source)
	at java.net.SocksSocketImpl.connect(Unknown Source)
	at java.net.Socket.connect(Unknown Source)
	at org.apache.http.conn.socket.PlainConnectionSocketFactory.connectSocket(PlainConnectionSocketFactory.java:72)
	at org.apache.http.impl.conn.HttpClientConnectionOperator.connect(HttpClientConnectionOperator.java:125)
	... 38 more
... Removed 21 stack frames</div></td></tr></table><p class="totop"><a href="#summary">back to summary</a></p><h3 id="m4">com.webtek.test.SanityTest1#tearDown</h3><table class="result"></table><p class="totop"><a href="#summary">back to summary</a></p><h3 id="m5">com.webtek.test.SanityTest1#ContactDetailSubmission</h3><table class="result"></table><p class="totop"><a href="#summary">back to summary</a></p><h3 id="m6">com.webtek.test.SanityTest1#firstAddProductThenCheckOutWithSign</h3><table class="result"></table><p class="totop"><a href="#summary">back to summary</a></p><h3 id="m7">com.webtek.test.SanityTest1#verifyItemPresentInCartAndSummation</h3><table class="result"></table><p class="totop"><a href="#summary">back to summary</a></p></body></html>